  .   ____          _            __ _ _
 /\\ / ___'_ __ _ _(_)_ __  __ _ \ \ \ \
( ( )\___ | '_ | '_| | '_ \/ _` | \ \ \ \
 \\/  ___)| |_)| | | | | || (_| |  ) ) ) )
  '  |____| .__|_| |_|_| |_\__, | / / / /
 =========|_|==============|___/=/_/_/_/

 :: Spring Boot ::                (v3.3.5)

2024-10-29T11:55:01.199-05:00  INFO 26692 --- [kv-demo] [           main] com.example.kv_demo.KvDemoApplication    : Starting KvDemoApplication using Java 17.0.3 with PID 26692 (C:\Users\ajoubert\OneDrive - Microsoft\Desktop\kv-demo\target\classes started by ajoubert in C:\Users\ajoubert\OneDrive - Microsoft\Desktop\kv-demo)
2024-10-29T11:55:01.204-05:00  INFO 26692 --- [kv-demo] [           main] com.example.kv_demo.KvDemoApplication    : No active profile set, falling back to 1 default profile: "default"
2024-10-29T11:55:02.409-05:00  INFO 26692 --- [kv-demo] [           main] .s.d.r.c.RepositoryConfigurationDelegate : Bootstrapping Spring Data JPA repositories in DEFAULT mode.
2024-10-29T11:55:02.438-05:00  INFO 26692 --- [kv-demo] [           main] .s.d.r.c.RepositoryConfigurationDelegate : Finished Spring Data repository scanning in 17 ms. Found 0 JPA repository interfaces.
2024-10-29T11:55:03.509-05:00  INFO 26692 --- [kv-demo] [           main] o.s.b.w.embedded.tomcat.TomcatWebServer  : Tomcat initialized with port 8080 (http)
2024-10-29T11:55:03.518-05:00  INFO 26692 --- [kv-demo] [           main] o.apache.catalina.core.StandardService   : Starting service [Tomcat]
2024-10-29T11:55:03.518-05:00  INFO 26692 --- [kv-demo] [           main] o.apache.catalina.core.StandardEngine    : Starting Servlet engine: [Apache Tomcat/10.1.31]
2024-10-29T11:55:03.620-05:00  INFO 26692 --- [kv-demo] [           main] o.a.c.c.C.[Tomcat].[localhost].[/]       : Initializing Spring embedded WebApplicationContext
2024-10-29T11:55:03.621-05:00  INFO 26692 --- [kv-demo] [           main] w.s.c.ServletWebServerApplicationContext : Root WebApplicationContext: initialization completed in 2363 ms
2024-10-29T11:55:03.759-05:00  INFO 26692 --- [kv-demo] [           main] com.zaxxer.hikari.HikariDataSource       : HikariPool-1 - Starting...
2024-10-29T11:55:04.034-05:00  INFO 26692 --- [kv-demo] [           main] com.zaxxer.hikari.pool.HikariPool        : HikariPool-1 - Added connection conn0: url=jdbc:h2:mem:2d371086-a89f-4413-b4f9-de45bd62a63f user=SA
2024-10-29T11:55:04.037-05:00  INFO 26692 --- [kv-demo] [           main] com.zaxxer.hikari.HikariDataSource       : HikariPool-1 - Start completed.
2024-10-29T11:55:04.099-05:00  INFO 26692 --- [kv-demo] [           main] o.hibernate.jpa.internal.util.LogHelper  : HHH000204: Processing PersistenceUnitInfo [name: default]
2024-10-29T11:55:04.212-05:00  INFO 26692 --- [kv-demo] [           main] org.hibernate.Version                    : HHH000412: Hibernate ORM core version 6.5.3.Final
2024-10-29T11:55:04.277-05:00  INFO 26692 --- [kv-demo] [           main] o.h.c.internal.RegionFactoryInitiator    : HHH000026: Second-level cache disabled
2024-10-29T11:55:04.940-05:00  INFO 26692 --- [kv-demo] [           main] o.s.o.j.p.SpringPersistenceUnitInfo      : No LoadTimeWeaver setup: ignoring JPA class transformer
2024-10-29T11:55:05.608-05:00  INFO 26692 --- [kv-demo] [           main] o.h.e.t.j.p.i.JtaPlatformInitiator       : HHH000489: No JTA platform available (set 'hibernate.transaction.jta.platform' to enable JTA platform integration)
2024-10-29T11:55:05.630-05:00  INFO 26692 --- [kv-demo] [           main] j.LocalContainerEntityManagerFactoryBean : Initialized JPA EntityManagerFactory for persistence unit 'default'
2024-10-29T11:55:06.038-05:00  INFO 26692 --- [kv-demo] [           main] c.a.c.h.n.implementation.NettyUtility    : {"az.sdk.message":"The following Netty versions were found on the classpath and have a mismatch with the versions used by azure-core-http-netty. If your application runs without issue this message can be ignored, otherwise please align the Netty versions used in your application. For more information, see https://aka.ms/azsdk/java/dependency/troubleshoot.","azure-netty-version":"4.1.110.Final","azure-netty-native-version":"2.0.65.Final","classpath-netty-version-io.netty:netty-common":"4.1.114.Final","classpath-netty-version-io.netty:netty-handler":"4.1.114.Final","classpath-netty-version-io.netty:netty-handler-proxy":"4.1.114.Final","classpath-netty-version-io.netty:netty-buffer":"4.1.114.Final","classpath-netty-version-io.netty:netty-codec":"4.1.114.Final","classpath-netty-version-io.netty:netty-codec-http":"4.1.114.Final","classpath-netty-version-io.netty:netty-codec-http2":"4.1.114.Final","classpath-netty-version-io.netty:netty-transport-native-unix-common":"4.1.114.Final","classpath-netty-version-io.netty:netty-transport-native-epoll":"4.1.114.Final","classpath-netty-version-io.netty:netty-transport-native-kqueue":"4.1.114.Final","classpath-native-netty-version-io.netty:netty-tcnative-boringssl-static":"2.0.66.Final"}
2024-10-29T11:55:06.482-05:00  WARN 26692 --- [kv-demo] [           main] JpaBaseConfiguration$JpaWebConfiguration : spring.jpa.open-in-view is enabled by default. Therefore, database queries may be performed during view rendering. Explicitly configure spring.jpa.open-in-view to disable this warning
2024-10-29T11:55:07.104-05:00  INFO 26692 --- [kv-demo] [           main] o.s.b.w.embedded.tomcat.TomcatWebServer  : Tomcat started on port 8080 (http) with context path '/'
2024-10-29T11:55:07.109-05:00  INFO 26692 --- [kv-demo] [           main] com.example.kv_demo.KvDemoApplication    : Started KvDemoApplication in 6.756 seconds (process running for 7.309)
2024-10-29T11:55:08.378-05:00  INFO 26692 --- [kv-demo] [           main] c.azure.identity.ChainedTokenCredential  : Azure Identity => Attempted credential EnvironmentCredential is unavailable.
2024-10-29T11:55:08.378-05:00  INFO 26692 --- [kv-demo] [           main] c.azure.identity.ChainedTokenCredential  : Azure Identity => Attempted credential WorkloadIdentityCredential is unavailable.
2024-10-29T11:55:08.471-05:00  WARN 26692 --- [kv-demo] [  az-identity-1] c.m.a.m.ConfidentialClientApplication    : [Correlation ID: bd52939b-c702-420f-9117-a8a1f05befec] Execution of class com.microsoft.aad.msal4j.AcquireTokenByClientCredentialSupplier failed: java.util.concurrent.ExecutionException: com.azure.identity.CredentialUnavailableException: ManagedIdentityCredential authentication unavailable. Connection to IMDS endpoint cannot be established, Network is unreachable: no further information.
2024-10-29T11:55:08.472-05:00  INFO 26692 --- [kv-demo] [           main] c.azure.identity.ChainedTokenCredential  : Azure Identity => Attempted credential ManagedIdentityCredential is unavailable.
2024-10-29T11:55:08.478-05:00  INFO 26692 --- [kv-demo] [           main] c.azure.identity.ChainedTokenCredential  : Azure Identity => Attempted credential SharedTokenCacheCredential is unavailable.
2024-10-29T11:55:08.487-05:00  INFO 26692 --- [kv-demo] [           main] c.azure.identity.ChainedTokenCredential  : Azure Identity => Attempted credential IntelliJCredential is unavailable.
2024-10-29T11:55:11.908-05:00  INFO 26692 --- [kv-demo] [           main] c.azure.identity.ChainedTokenCredential  : Azure Identity => Attempted credential AzureCliCredential returns a token
h2url: jdbc:h2:~/testdb;user=sa;password=password