Caused by: java.lang.IllegalStateException: Failed to configure KeyVault property source 'azure-key-vault-secret-property-source-0'
	at com.azure.spring.cloud.autoconfigure.implementation.keyvault.environment.KeyVaultEnvironmentPostProcessor.buildKeyVaultPropertySource(KeyVaultEnvironmentPostProcessor.java:146)
	at com.azure.spring.cloud.autoconfigure.implementation.keyvault.environment.KeyVaultEnvironmentPostProcessor.buildKeyVaultPropertySourceList(KeyVaultEnvironmentPostProcessor.java:130)
	at com.azure.spring.cloud.autoconfigure.implementation.keyvault.environment.KeyVaultEnvironmentPostProcessor.postProcessEnvironment(KeyVaultEnvironmentPostProcessor.java:93)
	at org.springframework.boot.env.EnvironmentPostProcessorApplicationListener.onApplicationEnvironmentPreparedEvent(EnvironmentPostProcessorApplicationListener.java:109)
	at org.springframework.boot.env.EnvironmentPostProcessorApplicationListener.onApplicationEvent(EnvironmentPostProcessorApplicationListener.java:94)
	at org.springframework.context.event.SimpleApplicationEventMulticaster.doInvokeListener(SimpleApplicationEventMulticaster.java:185)
	at org.springframework.context.event.SimpleApplicationEventMulticaster.invokeListener(SimpleApplicationEventMulticaster.java:178)
	at org.springframework.context.event.SimpleApplicationEventMulticaster.multicastEvent(SimpleApplicationEventMulticaster.java:156)
	at org.springframework.context.event.SimpleApplicationEventMulticaster.multicastEvent(SimpleApplicationEventMulticaster.java:138)
	at org.springframework.boot.context.event.EventPublishingRunListener.multicastInitialEvent(EventPublishingRunListener.java:136)
	at org.springframework.boot.context.event.EventPublishingRunListener.environmentPrepared(EventPublishingRunListener.java:81)
	at org.springframework.boot.SpringApplicationRunListeners.lambda$environmentPrepared$2(SpringApplicationRunListeners.java:64)
	at java.base/java.lang.Iterable.forEach(Iterable.java:75)
	at org.springframework.boot.SpringApplicationRunListeners.doWithListeners(SpringApplicationRunListeners.java:118)
	at org.springframework.boot.SpringApplicationRunListeners.doWithListeners(SpringApplicationRunListeners.java:112)
	at org.springframework.boot.SpringApplicationRunListeners.environmentPrepared(SpringApplicationRunListeners.java:63)
	at org.springframework.boot.SpringApplication.prepareEnvironment(SpringApplication.java:370)
	at org.springframework.boot.SpringApplication.run(SpringApplication.java:330)
	at org.springframework.boot.test.context.SpringBootContextLoader.lambda$loadContext$3(SpringBootContextLoader.java:137)
	at org.springframework.util.function.ThrowingSupplier.get(ThrowingSupplier.java:58)
	at org.springframework.util.function.ThrowingSupplier.get(ThrowingSupplier.java:46)
	at org.springframework.boot.SpringApplication.withHook(SpringApplication.java:1463)
	at org.springframework.boot.test.context.SpringBootContextLoader$ContextLoaderHook.run(SpringBootContextLoader.java:553)
	at org.springframework.boot.test.context.SpringBootContextLoader.loadContext(SpringBootContextLoader.java:137)
	at org.springframework.boot.test.context.SpringBootContextLoader.loadContext(SpringBootContextLoader.java:108)
	at org.springframework.test.context.cache.DefaultCacheAwareContextLoaderDelegate.loadContextInternal(DefaultCacheAwareContextLoaderDelegate.java:225)
	at org.springframework.test.context.cache.DefaultCacheAwareContextLoaderDelegate.loadContext(DefaultCacheAwareContextLoaderDelegate.java:152)
	... 17 more
Caused by: com.azure.security.keyvault.secrets.implementation.models.KeyVaultErrorException: Status code 403, "***"error":***"code":"Forbidden","message":"Caller is not authorized to perform action on resource.\r\nIf role assignments, deny assignments or role definitions were changed recently, please observe propagation time.\r\nCaller: appid=***;oid=191c2c29-9253-4e5a-96ca-c45d241cbcb3;iss=https://sts.windows.net/16b3c013-d300-468d-ac64-7eda0820b6d3/\r\nAction: 'Microsoft.KeyVault/vaults/secrets/readMetadata/action'\r\nResource: '/subscriptions/e30ed3f0-4b47-4f89-bad0-4648a0ef5616/resourcegroups/ajoubert-linux-rg/providers/microsoft.keyvault/vaults/ajoubert-kv'\r\nAssignment: (not found)\r\nDenyAssignmentId: null\r\nDecisionReason: null \r\nVault: ajoubert-kv;location=eastus\r\n","innererror":***"code":"ForbiddenByRbac"***"
	at java.base/java.lang.invoke.MethodHandle.invokeWithArguments(MethodHandle.java:732)
	at com.azure.core.implementation.MethodHandleReflectiveInvoker.invokeStatic(MethodHandleReflectiveInvoker.java:26)
	at com.azure.core.implementation.http.rest.ResponseExceptionConstructorCache.invoke(ResponseExceptionConstructorCache.java:53)
	at com.azure.core.implementation.http.rest.RestProxyBase.instantiateUnexpectedException(RestProxyBase.java:407)
	at com.azure.core.implementation.http.rest.SyncRestProxy.ensureExpectedStatus(SyncRestProxy.java:133)
	at com.azure.core.implementation.http.rest.SyncRestProxy.handleRestReturnType(SyncRestProxy.java:211)
	at com.azure.core.implementation.http.rest.SyncRestProxy.invoke(SyncRestProxy.java:86)
	at com.azure.core.implementation.http.rest.RestProxyBase.invoke(RestProxyBase.java:124)
	at com.azure.core.http.rest.RestProxy.invoke(RestProxy.java:95)
	at jdk.proxy2/jdk.proxy2.$Proxy29.getSecretsSync(Unknown Source)
	at com.azure.security.keyvault.secrets.implementation.SecretClientImpl.getSecretsSinglePage(SecretClientImpl.java:1313)
	at com.azure.security.keyvault.secrets.SecretClient.lambda$listPropertiesOfSecrets$16(SecretClient.java:870)
	at com.azure.core.http.rest.PagedIterable.lambda$new$5(PagedIterable.java:193)
	at com.azure.core.util.paging.ContinuablePagedByIteratorBase.requestPage(ContinuablePagedByIteratorBase.java:104)
	at com.azure.core.util.paging.ContinuablePagedByPageIterable$ContinuablePagedByPageIterator.<init>(ContinuablePagedByPageIterable.java:82)
	at com.azure.core.util.paging.ContinuablePagedByPageIterable.iterator(ContinuablePagedByPageIterable.java:58)
	at java.base/java.lang.Iterable.spliterator(Iterable.java:101)
	at com.azure.spring.cloud.autoconfigure.implementation.keyvault.environment.KeyVaultOperation.lambda$listSecrets$0(KeyVaultOperation.java:49)
	at java.base/java.util.Optional.map(Optional.java:260)
	at com.azure.spring.cloud.autoconfigure.implementation.keyvault.environment.KeyVaultOperation.listSecrets(KeyVaultOperation.java:49)
	at com.azure.spring.cloud.autoconfigure.implementation.keyvault.environment.KeyVaultPropertySource.loadProperties(KeyVaultPropertySource.java:77)
	at com.azure.spring.cloud.autoconfigure.implementation.keyvault.environment.KeyVaultPropertySource.<init>(KeyVaultPropertySource.java:71)
	at com.azure.spring.cloud.autoconfigure.implementation.keyvault.environment.KeyVaultEnvironmentPostProcessor.buildKeyVaultPropertySource(KeyVaultEnvironmentPostProcessor.java:144)
	... 43 more